<?xml version="1.0" encoding="UTF-8"?>
<!-- Generated by org.testng.reporters.JUnitReportReporter -->
<testsuite hostname="BKUSL-6QBN7W1" name="io.start.com.Alert" tests="1" failures="0" timestamp="11 Sep 2015 20:12:10 GMT" time="0.009" errors="0">
  <testcase name="checkAlert" time="0.009" classname="io.start.com.Alert"/>
</testsuite> <!-- io.start.com.Alert -->
